<?xml version="1.0" encoding="UTF-8" standalone="no"?>
<testsuite errors="0" failures="1" name="io.cucumber.core.plugin.JUnitFormatter" skipped="0" tests="2" time="38.732">
    <testcase classname="Favorite" name="positive Remove From favorite" time="24.798">
        <system-out><![CDATA[Given open the login in the chrome browser..................................passed
When enter login details "user15","pass"....................................passed
And i click the Login button................................................passed
Then verify the PopUp Message...............................................passed
And click on Favorite button in header......................................passed
Then Page Url should be "http://localhost:4200/favourite"...................passed
Then remove book from favorite with title "ROCK OF AGES"....................passed
And verify book removed successfully........................................passed
Then Click on logout........................................................passed
Then Page Url should be "http://localhost:4200/register"....................passed
And close browser...........................................................passed
]]></system-out>
    </testcase>
    <testcase classname="Favorite" name="negative Remove From favorite" time="13.689">
        <failure message="" type="java.lang.AssertionError"><![CDATA[Given open the login in the chrome browser..................................passed
When enter login details "user15","pass"....................................passed
And i click the Login button................................................passed
Then verify the PopUp Message...............................................passed
And click on Favorite button in header......................................passed
Then Page Url should be "http://localhost:4200/favourite"...................passed
And verify book with title "ROCK OF AGES" already absent....................failed
Then Click on logout........................................................skipped
Then Page Url should be "http://localhost:4200/register"....................skipped
And close browser...........................................................skipped

StackTrace:
java.lang.AssertionError
	at org.junit.Assert.fail(Assert.java:87)
	at org.junit.Assert.assertTrue(Assert.java:42)
	at org.junit.Assert.assertFalse(Assert.java:65)
	at org.junit.Assert.assertFalse(Assert.java:75)
	at TestingSteps.FavoriteSteps.verify_book_with_title_already_absent(FavoriteSteps.java:113)
	at âœ½.verify book with title "ROCK OF AGES" already absent(file:///home/sakshi.gupta3/Pictures/v6/capstone_automation/src/main/resources/Features/Favorite.feature:27)
]]></failure>
    </testcase>
</testsuite>
